{
  "0 debug pnpm:scope": {
    "selected": 1
  },
  "1 error pnpm": {
    "code": "ELIFECYCLE",
    "errno": "ENOENT",
    "syscall": "spawn",
    "file": "sh",
    "pkgid": "veracioux-website@0.1.0",
    "stage": "dev",
    "script": "vite",
    "pkgname": "veracioux-website",
    "err": {
      "name": "pnpm",
      "message": "veracioux-website@0.1.0 dev: `vite`\nspawn ENOENT",
      "code": "ELIFECYCLE",
      "stack": "pnpm: veracioux-website@0.1.0 dev: `vite`\nspawn ENOENT\n    at ChildProcess.<anonymous> (/usr/lib/node_modules/pnpm/dist/pnpm.cjs:92290:22)\n    at ChildProcess.emit (node:events:527:28)\n    at maybeClose (node:internal/child_process:1090:16)\n    at Process.ChildProcess._handle.onexit (node:internal/child_process:302:5)"
    }
  },
  "2 warn pnpm:global": " Local package.json exists, but node_modules missing, did you mean to install?"
}